11:38:54,632 [-] [DataBridge-Core-pool-1-thread-7]  INFO EVENT_TRACE_LOGGER TenantId : -1234, Event Processor : R_H_Match, Event Stream : InputStream:1.0.0 (ins), before processing 
Event{timestamp=1462514934608, data=[218, phone, g1, sell, samsung, galaxy s6, type, Trident Case Cyclops Phone Case for Samsung Galaxy S6 Personal… https://t.co/PMnehdtwoZ #travel #accessories], isExpired=false}
11:39:22,063 [-] [DataBridge-Core-pool-1-thread-8]  INFO EVENT_TRACE_LOGGER TenantId : -1234, Event Processor : R_H_Match, Event Stream : InputStream:1.0.0 (ins), before processing 
Event{timestamp=1462514961996, data=[219, phone, g1, sell, samsung, galaxy s7, type, Paint Card Holder Stand Cover Case PU Leather Wallet For Samsung Galaxy S7 Phone - Bid Now… https://t.co/jt6MFMH2Oe https://t.co/sUZtBMo0zx], isExpired=false}
11:39:23,789 [-] [DataBridge-Core-pool-1-thread-9]  INFO EVENT_TRACE_LOGGER TenantId : -1234, Event Processor : R_H_Match, Event Stream : InputStream:1.0.0 (ins), before processing 
Event{timestamp=1462514963755, data=[220, phone, g1, buy, samsung, galaxy s7, type, Paint Card Holder Stand Cover Case PU Leather Wallet For Samsung Galaxy S7 Phone - Bid Now…], isExpired=false}
11:39:58,642 [-] [DataBridge-Core-pool-1-thread-10]  INFO EVENT_TRACE_LOGGER TenantId : -1234, Event Processor : R_H_Match, Event Stream : InputStream:1.0.0 (ins), before processing 
Event{timestamp=1462514998603, data=[223, phone, g1, sell, samsung, galaxy s7, type, Paint Card Holder Stand Cover Case PU Leather Wallet For Samsung Galaxy S7 Phone - Bid Now… https://t.co/OPNchlTFP2 https://t.co/IvPK3Mo4lZ], isExpired=false}
11:40:40,578 [-] [DataBridge-Core-pool-1-thread-1]  INFO EVENT_TRACE_LOGGER TenantId : -1234, Event Processor : R_H_Match, Event Stream : InputStream:1.0.0 (ins), before processing 
Event{timestamp=1462515040574, data=[225, phone, g1, buy, samsung, galaxy s7, type, Paint Card Holder Stand Cover Case PU Leather Wallet For Samsung Galaxy S7 Phone - Bid Now…], isExpired=false}
11:40:52,411 [-] [DataBridge-Core-pool-1-thread-2]  INFO EVENT_TRACE_LOGGER TenantId : -1234, Event Processor : R_H_Match, Event Stream : InputStream:1.0.0 (ins), before processing 
Event{timestamp=1462515052407, data=[226, phone, g1, sell, samsung, galaxy s7, type, Paint Card Holder Stand Cover Case PU Leather Wallet For Samsung Galaxy S7 Phone - Bid Now… https://t.co/WLcXZd9BKv https://t.co/AEbu3oV7t3], isExpired=false}
11:41:21,992 [-] [DataBridge-Core-pool-1-thread-3]  INFO EVENT_TRACE_LOGGER TenantId : -1234, Event Processor : R_H_Match, Event Stream : InputStream:1.0.0 (ins), before processing 
Event{timestamp=1462515081989, data=[227, phone, g1, sell, samsung, galaxy s7, type, Paint Card Holder Stand Cover Case PU Leather Wallet For Samsung Galaxy S7 Phone - Bid Now… https://t.co/6b1IUSqmdD https://t.co/T060VOvgz3], isExpired=false}
11:41:22,537 [-] [DataBridge-Core-pool-1-thread-4]  INFO EVENT_TRACE_LOGGER TenantId : -1234, Event Processor : R_H_Match, Event Stream : InputStream:1.0.0 (ins), before processing 
Event{timestamp=1462515082516, data=[228, phone, g1, sell, samsung, galaxy s7, type, Paint Card Holder Stand Cover Case PU Leather Wallet For Samsung Galaxy S7 Phone - Bid Now… https://t.co/iaE7snes4l https://t.co/wColEf02sL], isExpired=false}
11:41:33,950 [-] [DataBridge-Core-pool-1-thread-5]  INFO EVENT_TRACE_LOGGER TenantId : -1234, Event Processor : R_H_Match, Event Stream : InputStream:1.0.0 (ins), before processing 
Event{timestamp=1462515093947, data=[229, phone, g1, sell, samsung, galaxy s7, type, Paint Card Holder Stand Cover Case PU Leather Wallet For Samsung Galaxy S7 Phone - Bid Now… https://t.co/0ftEfwlNXD https://t.co/TioeQ6jNeN], isExpired=false}
11:41:48,360 [-] [DataBridge-Core-pool-1-thread-6]  INFO EVENT_TRACE_LOGGER TenantId : -1234, Event Processor : R_H_Match, Event Stream : InputStream:1.0.0 (ins), before processing 
Event{timestamp=1462515108357, data=[232, phone, g1, sell, samsung, galaxy s7, type, Paint Card Holder Stand Cover Case PU Leather Wallet For Samsung Galaxy S7 Phone - Bid Now… https://t.co/vga4PMrrR6 https://t.co/O9UcaPwiYR], isExpired=false}
11:42:02,265 [-] [DataBridge-Core-pool-1-thread-7]  INFO EVENT_TRACE_LOGGER TenantId : -1234, Event Processor : R_H_Match, Event Stream : InputStream:1.0.0 (ins), before processing 
Event{timestamp=1462515122263, data=[234, phone, g1, sell, samsung, galaxy ace, type, Flower Soft Silicone Gel Tpu Phone Skin Case Cover For Samsung Galaxy Ace S5830 https://t.co/Nl5bhqwvEH https://t.co/6mNaLuiXgQ], isExpired=false}
11:42:04,003 [-] [DataBridge-Core-pool-1-thread-8]  INFO EVENT_TRACE_LOGGER TenantId : -1234, Event Processor : R_H_Match, Event Stream : InputStream:1.0.0 (ins), before processing 
Event{timestamp=1462515124001, data=[235, phone, g1, buy, samsung, galaxy s7, type, Paint Card Holder Stand Cover Case PU Leather Wallet For Samsung Galaxy S7 Phone - Bid Now…], isExpired=false}
11:42:09,061 [-] [DataBridge-Core-pool-1-thread-9]  INFO EVENT_TRACE_LOGGER TenantId : -1234, Event Processor : R_H_Match, Event Stream : InputStream:1.0.0 (ins), before processing 
Event{timestamp=1462515129055, data=[236, phone, g1, sell, samsung, galaxy s7, type, Paint Card Holder Stand Cover Case PU Leather Wallet For Samsung Galaxy S7 Phone - Bid Now… https://t.co/dPkYtwI6o4 https://t.co/m0hpCHTRPS], isExpired=false}
11:42:32,523 [-] [DataBridge-Core-pool-1-thread-10]  INFO EVENT_TRACE_LOGGER TenantId : -1234, Event Processor : R_H_Match, Event Stream : InputStream:1.0.0 (ins), before processing 
Event{timestamp=1462515152520, data=[237, phone, g1, sell, samsung, galaxy s7, type, Paint Card Holder Stand Cover Case PU Leather Wallet For Samsung Galaxy S7 Phone - Bid Now… https://t.co/o2k2nCT2K0 https://t.co/lva6xSKS6k], isExpired=false}
11:42:51,700 [-] [DataBridge-Core-pool-1-thread-1]  INFO EVENT_TRACE_LOGGER TenantId : -1234, Event Processor : R_H_Match, Event Stream : InputStream:1.0.0 (ins), before processing 
Event{timestamp=1462515171696, data=[238, phone, g1, sell, samsung, galaxy s7, type, Paint Card Holder Stand Cover Case PU Leather Wallet For Samsung Galaxy S7 Phone - Bid Now… https://t.co/2ItvvX9Pez https://t.co/lfTh3qDm2e], isExpired=false}
11:42:57,583 [-] [DataBridge-Core-pool-1-thread-2]  INFO EVENT_TRACE_LOGGER TenantId : -1234, Event Processor : R_H_Match, Event Stream : InputStream:1.0.0 (ins), before processing 
Event{timestamp=1462515177581, data=[239, phone, g1, sell, samsung, galaxy s7, type, Paint Card Holder Stand Cover Case PU Leather Wallet For Samsung Galaxy S7 Phone - Bid Now… https://t.co/B7N6HRBXUI https://t.co/BM19aQxFZN], isExpired=false}
11:42:58,811 [-] [DataBridge-Core-pool-1-thread-3]  INFO EVENT_TRACE_LOGGER TenantId : -1234, Event Processor : R_H_Match, Event Stream : InputStream:1.0.0 (ins), before processing 
Event{timestamp=1462515178808, data=[240, phone, g1, buy, samsung, galaxy s7, type, Paint Card Holder Stand Cover Case PU Leather Wallet For Samsung Galaxy S7 Phone - Bid Now…], isExpired=false}
11:43:07,800 [-] [DataBridge-Core-pool-1-thread-4]  INFO EVENT_TRACE_LOGGER TenantId : -1234, Event Processor : R_H_Match, Event Stream : InputStream:1.0.0 (ins), before processing 
Event{timestamp=1462515187787, data=[242, phone, g1, sell, samsung, galaxy s7, type, Paint Card Holder Stand Cover Case PU Leather Wallet For Samsung Galaxy S7 Phone - Bid Now… https://t.co/XMjMfBumpS https://t.co/AktydVYUHf], isExpired=false}
11:43:14,428 [-] [DataBridge-Core-pool-1-thread-5]  INFO EVENT_TRACE_LOGGER TenantId : -1234, Event Processor : R_H_Match, Event Stream : InputStream:1.0.0 (ins), before processing 
Event{timestamp=1462515194422, data=[243, phone, g1, sell, samsung, galaxy s7, type, Paint Card Holder Stand Cover Case PU Leather Wallet For Samsung Galaxy S7 Phone - Bid Now… https://t.co/SNzZLsCUNz https://t.co/OjjCzg8yLZ], isExpired=false}
11:43:19,030 [-] [DataBridge-Core-pool-1-thread-6]  INFO EVENT_TRACE_LOGGER TenantId : -1234, Event Processor : R_H_Match, Event Stream : InputStream:1.0.0 (ins), before processing 
Event{timestamp=1462515199027, data=[244, phone, g1, sell, samsung, galaxy s7, type, Paint Card Holder Stand Cover Case PU Leather Wallet For Samsung Galaxy S7 Phone - Bid Now… https://t.co/fpfKB0wQBM https://t.co/f0rEgoTZLI], isExpired=false}
11:43:21,391 [-] [DataBridge-Core-pool-1-thread-7]  INFO EVENT_TRACE_LOGGER TenantId : -1234, Event Processor : R_H_Match, Event Stream : InputStream:1.0.0 (ins), before processing 
Event{timestamp=1462515201382, data=[245, phone, g1, buy, apple, iphone 5s, type, New Apple iPhone 5S Factory Unlocked GSM 16GB Smart Phone Silver / White - Buy It Now! Onl…], isExpired=false}
11:43:29,436 [-] [DataBridge-Core-pool-1-thread-8]  INFO EVENT_TRACE_LOGGER TenantId : -1234, Event Processor : R_H_Match, Event Stream : InputStream:1.0.0 (ins), before processing 
Event{timestamp=1462515209434, data=[246, phone, g1, sell, samsung, galaxy s7, type, Paint Card Holder Stand Cover Case PU Leather Wallet For Samsung Galaxy S7 Phone - Bid Now… https://t.co/7e8o7HDk86 https://t.co/GpH2KKLcgW], isExpired=false}
11:43:43,749 [-] [DataBridge-Core-pool-1-thread-9]  INFO EVENT_TRACE_LOGGER TenantId : -1234, Event Processor : R_H_Match, Event Stream : InputStream:1.0.0 (ins), before processing 
Event{timestamp=1462515223743, data=[247, phone, g1, sell, apple, iphone 5s, type, New Apple iPhone 5S Factory Unlocked GSM 16GB Smart Phone Silver / White - Buy It Now! Onl… https://t.co/llkOj719sl https://t.co/Jo33U41AcY], isExpired=false}
11:44:29,573 [-] [DataBridge-Core-pool-1-thread-10]  INFO EVENT_TRACE_LOGGER TenantId : -1234, Event Processor : R_H_Match, Event Stream : InputStream:1.0.0 (ins), before processing 
Event{timestamp=1462515269570, data=[250, phone, g1, buy, apple, iphone 5s, type, New Apple iPhone 5S Factory Unlocked GSM 16GB Smart Phone Silver / White - Buy It Now! Onl…], isExpired=false}
11:44:39,142 [-] [DataBridge-Core-pool-1-thread-1]  INFO EVENT_TRACE_LOGGER TenantId : -1234, Event Processor : R_H_Match, Event Stream : InputStream:1.0.0 (ins), before processing 
Event{timestamp=1462515279140, data=[251, phone, g1, sell, apple, iphone 5s, type, New Apple iPhone 5S Factory Unlocked GSM 16GB Smart Phone Silver / White - Buy It Now! Onl… https://t.co/jlzuJyUkDQ https://t.co/Sut7QKMkeO], isExpired=false}
11:45:27,213 [-] [DataBridge-Core-pool-1-thread-2]  INFO EVENT_TRACE_LOGGER TenantId : -1234, Event Processor : R_H_Match, Event Stream : InputStream:1.0.0 (ins), before processing 
Event{timestamp=1462515327210, data=[254, phone, g1, sell, samsung, galaxy note, type, CASE CORCODILE TEXTURE FOR SAMSUNG GALAXY NOTE PHONE PHONE COVER CDS1669 https://t.co/2Xl1vdWQQA https://t.co/e3WRgtvbeJ], isExpired=false}
11:47:10,700 [-] [DataBridge-Core-pool-1-thread-3]  INFO EVENT_TRACE_LOGGER TenantId : -1234, Event Processor : R_H_Match, Event Stream : InputStream:1.0.0 (ins), before processing 
Event{timestamp=1462515430579, data=[202, phone, g1, sell, apple, iphone 5s, type, New Apple iPhone 5S Factory Unlocked GSM 16GB Smart Phone Silver / White - Buy It Now! Onl… https://t.co/6J6EHe3lwF https://t.co/r20PDYoWzr], isExpired=false}
11:47:12,676 [-] [DataBridge-Core-pool-1-thread-4]  INFO EVENT_TRACE_LOGGER TenantId : -1234, Event Processor : R_H_Match, Event Stream : InputStream:1.0.0 (ins), before processing 
Event{timestamp=1462515432672, data=[203, phone, g1, sell, apple, iphone 5s, type, New Apple iPhone 5S Factory Unlocked GSM 16GB Smart Phone Silver / White - Buy It Now! Onl… https://t.co/JVgbSNhE4E https://t.co/LyF09jVEgR], isExpired=false}
11:47:15,931 [-] [DataBridge-Core-pool-1-thread-5]  INFO EVENT_TRACE_LOGGER TenantId : -1234, Event Processor : R_H_Match, Event Stream : InputStream:1.0.0 (ins), before processing 
Event{timestamp=1462515435926, data=[204, phone, g1, sell, apple, iphone 5s, type, New Apple iPhone 5S Factory Unlocked GSM 16GB Smart Phone Silver / White - Buy It Now! Onl… https://t.co/o6LyCfvHdZ https://t.co/XRBup6pqgx], isExpired=false}
11:47:17,869 [-] [DataBridge-Core-pool-1-thread-6]  INFO EVENT_TRACE_LOGGER TenantId : -1234, Event Processor : R_H_Match, Event Stream : InputStream:1.0.0 (ins), before processing 
Event{timestamp=1462515437864, data=[205, phone, g1, buy, apple, iphone 5s, type, New Apple iPhone 5S Factory Unlocked GSM 16GB Smart Phone Silver / White - Buy It Now! Onl…], isExpired=false}
11:47:32,657 [-] [DataBridge-Core-pool-1-thread-7]  INFO EVENT_TRACE_LOGGER TenantId : -1234, Event Processor : R_H_Match, Event Stream : InputStream:1.0.0 (ins), before processing 
Event{timestamp=1462515452651, data=[207, phone, g1, sell, apple, iphone 5s, type, New Apple iPhone 5S Factory Unlocked GSM 16GB Smart Phone Silver / White - Buy It Now! Onl… https://t.co/lA7ocylq2U https://t.co/eGECGbTh8L], isExpired=false}
11:47:41,725 [-] [DataBridge-Core-pool-1-thread-8]  INFO EVENT_TRACE_LOGGER TenantId : -1234, Event Processor : R_H_Match, Event Stream : InputStream:1.0.0 (ins), before processing 
Event{timestamp=1462515461712, data=[208, phone, g1, sell, apple, iphone 5s, type, New Apple iPhone 5S Factory Unlocked GSM 16GB Smart Phone Silver / White - Buy It Now! Onl… https://t.co/uYveVtVfpS https://t.co/eXFSCKqjxI], isExpired=false}
11:48:00,781 [-] [DataBridge-Core-pool-1-thread-9]  INFO EVENT_TRACE_LOGGER TenantId : -1234, Event Processor : R_H_Match, Event Stream : InputStream:1.0.0 (ins), before processing 
Event{timestamp=1462515480773, data=[210, phone, g1, buy, apple, iphone 5s, type, New Apple iPhone 5S Factory Unlocked GSM 16GB Smart Phone Silver / White - Buy It Now! Onl…], isExpired=false}
11:48:01,874 [-] [DataBridge-Core-pool-1-thread-10]  INFO EVENT_TRACE_LOGGER TenantId : -1234, Event Processor : R_H_Match, Event Stream : InputStream:1.0.0 (ins), before processing 
Event{timestamp=1462515481852, data=[211, phone, g1, sell, apple, iphone 5s, type, New Apple iPhone 5S Factory Unlocked GSM 16GB Smart Phone Silver / White - Buy It Now! Onl… https://t.co/IU2kOXJ7HC https://t.co/xLS1vVDCVZ], isExpired=false}
11:48:19,160 [-] [DataBridge-Core-pool-1-thread-1]  INFO EVENT_TRACE_LOGGER TenantId : -1234, Event Processor : R_H_Match, Event Stream : InputStream:1.0.0 (ins), before processing 
Event{timestamp=1462515499155, data=[212, phone, g1, sell, apple, iphone 5s, type, New Apple iPhone 5S Factory Unlocked GSM 16GB Smart Phone Silver / White - Buy It Now! Onl… https://t.co/fZm8IAL779 https://t.co/a2yvQ6DYJu], isExpired=false}
11:48:19,833 [-] [DataBridge-Core-pool-1-thread-2]  INFO EVENT_TRACE_LOGGER TenantId : -1234, Event Processor : R_H_Match, Event Stream : InputStream:1.0.0 (ins), before processing 
Event{timestamp=1462515499822, data=[213, phone, g1, sell, apple, iphone 5s, type, New Apple iPhone 5S Factory Unlocked GSM 16GB Smart Phone Silver / White - Buy It Now! Onl… https://t.co/UjYUP71W1O https://t.co/jSoID5lwT9], isExpired=false}
11:51:50,953 [-] [DataBridge-Core-pool-1-thread-3]  INFO EVENT_TRACE_LOGGER TenantId : -1234, Event Processor : R_H_Match, Event Stream : InputStream:1.0.0 (ins), before processing 
Event{timestamp=1462515710835, data=[201, phone, g1, sell, apple, iphone 5, type, ***IPHONE 5 16GB BLACK FACTORY UNLOCKED! APPLE 5 16 GB GSM PHONE NEW!*** 
#supercar #car #sportcar
https://t.co/vYLoaiZtYO], isExpired=false}
11:51:51,540 [-] [DataBridge-Core-pool-1-thread-4]  INFO EVENT_TRACE_LOGGER TenantId : -1234, Event Processor : R_H_Match, Event Stream : InputStream:1.0.0 (ins), before processing 
Event{timestamp=1462515711502, data=[202, phone, g1, sell, apple, iphone 5, type, ***IPHONE 5 16GB BLACK FACTORY UNLOCKED! APPLE 5 16 GB GSM PHONE NEW!***
#supercar #car #sportcar
 https://t.co/VJ2MXopok6], isExpired=false}
11:51:52,035 [-] [DataBridge-Core-pool-1-thread-5]  INFO EVENT_TRACE_LOGGER TenantId : -1234, Event Processor : R_H_Match, Event Stream : InputStream:1.0.0 (ins), before processing 
Event{timestamp=1462515712028, data=[203, phone, g1, sell, samsung, galaxy s4, type, 10 x blue Touch Screen Pen Stylus For Phone Tablet Samsung Galaxy S4 S3 HTC #1 - Bid Now! … https://t.co/QPmV8EmnEv https://t.co/mrPwGEuHf3], isExpired=false}
11:52:49,283 [-] [DataBridge-Core-pool-1-thread-6]  INFO EVENT_TRACE_LOGGER TenantId : -1234, Event Processor : R_H_Match, Event Stream : InputStream:1.0.0 (ins), before processing 
Event{timestamp=1462515769278, data=[204, phone, g1, sell, apple, iphone 6, type, #iphone #apple Deals https://t.co/HdgWdMETmK #5970 New Defender Grass Camo Orange Phone Case for iPhone 6/6S with … https://t.co/ss8t4ZnOpw], isExpired=false}
11:52:52,748 [-] [DataBridge-Core-pool-1-thread-7]  INFO EVENT_TRACE_LOGGER TenantId : -1234, Event Processor : R_H_Match, Event Stream : InputStream:1.0.0 (ins), before processing 
Event{timestamp=1462515772747, data=[205, phone, g1, buy, apple, iphone 6, type, #iphone #apple Deals  #6232 New Defender Burgandy Phone Case for iPhone 6/6S with Holster B…], isExpired=false}
11:53:29,496 [-] [DataBridge-Core-pool-1-thread-8]  INFO EVENT_TRACE_LOGGER TenantId : -1234, Event Processor : R_H_Match, Event Stream : InputStream:1.0.0 (ins), before processing 
Event{timestamp=1462515809485, data=[206, phone, g1, sell, apple, iphone 5, type, Magnet Leather Pouch Protective Phone Hard Cover Case For Apple iPhone 5 5G 5S - Bid Now! … https://t.co/ZPR82fmPpl https://t.co/9dtsvYAlvj], isExpired=false}
11:53:32,572 [-] [DataBridge-Core-pool-1-thread-9]  INFO EVENT_TRACE_LOGGER TenantId : -1234, Event Processor : R_H_Match, Event Stream : InputStream:1.0.0 (ins), before processing 
Event{timestamp=1462515812539, data=[207, phone, g1, sell, apple, iphone 5, type, Magnet Leather Pouch Protective Phone Hard Cover Case For Apple iPhone 5 5G 5S - Bid Now! … https://t.co/gnjFKmYwi3 https://t.co/XjU8zv56f3], isExpired=false}
11:53:33,741 [-] [DataBridge-Core-pool-1-thread-10]  INFO EVENT_TRACE_LOGGER TenantId : -1234, Event Processor : R_H_Match, Event Stream : InputStream:1.0.0 (ins), before processing 
Event{timestamp=1462515813737, data=[208, phone, g1, sell, apple, iphone 5, type, Magnet Leather Pouch Protective Phone Hard Cover Case For Apple iPhone 5 5G 5S - Bid Now! … https://t.co/hQNoY7YFY0 https://t.co/4aGkkGhxiy], isExpired=false}
11:54:03,068 [-] [DataBridge-Core-pool-1-thread-1]  INFO EVENT_TRACE_LOGGER TenantId : -1234, Event Processor : R_H_Match, Event Stream : InputStream:1.0.0 (ins), before processing 
Event{timestamp=1462515843064, data=[210, phone, g1, buy, samsung, galaxy s5, type, In-ear Stereo Headset Earphone Headphone For Phone Samsung Galaxy S5 S4 Note  Free Ebay Sniping ↺RT, Favo], isExpired=false}
11:54:26,002 [-] [DataBridge-Core-pool-1-thread-2]  INFO EVENT_TRACE_LOGGER TenantId : -1234, Event Processor : R_H_Match, Event Stream : InputStream:1.0.0 (ins), before processing 
Event{timestamp=1462515865999, data=[211, phone, g1, sell, apple, iphone 5, type, Magnet Leather Pouch Protective Phone Hard Cover Case For Apple iPhone 5 5G 5S - Bid Now! … https://t.co/pnoXUGmjmL https://t.co/VoGbHqTgWt], isExpired=false}
11:55:23,517 [-] [DataBridge-Core-pool-1-thread-3]  INFO EVENT_TRACE_LOGGER TenantId : -1234, Event Processor : R_H_Match, Event Stream : InputStream:1.0.0 (ins), before processing 
Event{timestamp=1462515923514, data=[218, phone, g1, sell, apple, iphone 5, type, Magnet Leather Pouch Protective Phone Hard Cover Case For Apple iPhone 5 5G 5S - Bid Now! … https://t.co/gHPhOFUpjh https://t.co/fasUKRbZ3U], isExpired=false}
11:55:31,583 [-] [DataBridge-Core-pool-1-thread-4]  INFO EVENT_TRACE_LOGGER TenantId : -1234, Event Processor : R_H_Match, Event Stream : InputStream:1.0.0 (ins), before processing 
Event{timestamp=1462515931580, data=[219, phone, g1, sell, apple, iphone 5, type, Magnet Leather Pouch Protective Phone Hard Cover Case For Apple iPhone 5 5G 5S - Bid Now! … https://t.co/vYvd6bU5Mg https://t.co/ZOseljRhFv], isExpired=false}
11:55:31,811 [-] [DataBridge-Core-pool-1-thread-5]  INFO EVENT_TRACE_LOGGER TenantId : -1234, Event Processor : R_H_Match, Event Stream : InputStream:1.0.0 (ins), before processing 
Event{timestamp=1462515931799, data=[220, phone, g1, buy, apple, iphone 5, type, Magnet Leather Pouch Protective Phone Hard Cover Case For Apple iPhone 5 5G 5S - Bid Now! …], isExpired=false}
11:56:20,512 [-] [DataBridge-Core-pool-1-thread-6]  INFO EVENT_TRACE_LOGGER TenantId : -1234, Event Processor : R_H_Match, Event Stream : InputStream:1.0.0 (ins), before processing 
Event{timestamp=1462515980509, data=[221, phone, g1, sell, apple, iphone 5, type, Magnet Leather Pouch Protective Phone Hard Cover Case For Apple iPhone 5 5G 5S - Bid Now! … https://t.co/6bezBBIejq https://t.co/jRULG22E5I], isExpired=false}
11:56:48,860 [-] [DataBridge-Core-pool-1-thread-7]  INFO EVENT_TRACE_LOGGER TenantId : -1234, Event Processor : R_H_Match, Event Stream : InputStream:1.0.0 (ins), before processing 
Event{timestamp=1462516008856, data=[225, phone, g1, buy, apple, iphone 5, type, Magnet Leather Pouch Protective Phone Hard Cover Case For Apple iPhone 5 5G 5S - Bid Now! …], isExpired=false}
11:56:57,929 [-] [DataBridge-Core-pool-1-thread-8]  INFO EVENT_TRACE_LOGGER TenantId : -1234, Event Processor : R_H_Match, Event Stream : InputStream:1.0.0 (ins), before processing 
Event{timestamp=1462516017926, data=[226, phone, g1, sell, apple, iphone 5, type, Magnet Leather Pouch Protective Phone Hard Cover Case For Apple iPhone 5 5G 5S - Bid Now! … https://t.co/FNp5kMPkOg https://t.co/LZajlLCxC9], isExpired=false}
11:57:03,795 [-] [DataBridge-Core-pool-1-thread-9]  INFO EVENT_TRACE_LOGGER TenantId : -1234, Event Processor : R_H_Match, Event Stream : InputStream:1.0.0 (ins), before processing 
Event{timestamp=1462516023793, data=[228, phone, g1, sell, apple, iphone 5, type, Magnet Leather Pouch Protective Phone Hard Cover Case For Apple iPhone 5 5G 5S - Bid Now! … https://t.co/OmI8Z8oCXT https://t.co/P2KPBnomhl], isExpired=false}
11:57:09,772 [-] [DataBridge-Core-pool-1-thread-10]  INFO EVENT_TRACE_LOGGER TenantId : -1234, Event Processor : R_H_Match, Event Stream : InputStream:1.0.0 (ins), before processing 
Event{timestamp=1462516029770, data=[229, phone, g1, sell, samsung, galaxy s7, type, Globetrotting With The Coolest Phone On The Planet -- Samsung Galaxy S7 Edge - Forbes https://t.co/f2Kg9FGNVP], isExpired=false}
11:57:10,417 [-] [DataBridge-Core-pool-1-thread-1]  INFO EVENT_TRACE_LOGGER TenantId : -1234, Event Processor : R_H_Match, Event Stream : InputStream:1.0.0 (ins), before processing 
Event{timestamp=1462516030409, data=[230, phone, g1, buy, apple, iphone 5, type, Magnet Leather Pouch Protective Phone Hard Cover Case For Apple iPhone 5 5G 5S - Bid Now! …], isExpired=false}
11:57:29,987 [-] [DataBridge-Core-pool-1-thread-2]  INFO EVENT_TRACE_LOGGER TenantId : -1234, Event Processor : R_H_Match, Event Stream : InputStream:1.0.0 (ins), before processing 
Event{timestamp=1462516049980, data=[233, phone, g1, sell, apple, iphone 5, type, Magnet Leather Pouch Protective Phone Hard Cover Case For Apple iPhone 5 5G 5S - Bid Now! … https://t.co/TJLcoiv4m6 https://t.co/xb6KtHZZBq], isExpired=false}
11:58:15,578 [-] [DataBridge-Core-pool-1-thread-3]  INFO EVENT_TRACE_LOGGER TenantId : -1234, Event Processor : R_H_Match, Event Stream : InputStream:1.0.0 (ins), before processing 
Event{timestamp=1462516095575, data=[234, phone, g1, sell, apple, iphone 5, type, Magnet Leather Pouch Protective Phone Hard Cover Case For Apple iPhone 5 5G 5S - Bid Now! … https://t.co/0MIebLCirO https://t.co/72Y4CkW9O8], isExpired=false}
11:58:19,754 [-] [DataBridge-Core-pool-1-thread-4]  INFO EVENT_TRACE_LOGGER TenantId : -1234, Event Processor : R_H_Match, Event Stream : InputStream:1.0.0 (ins), before processing 
Event{timestamp=1462516099753, data=[235, phone, g1, buy, apple, iphone 4, type, Snap On Leather Skin Flip Hard Cell Phone Cover Case For Apple Iphone 4 4G 4S - Bid Now! O…], isExpired=false}
11:58:24,620 [-] [DataBridge-Core-pool-1-thread-5]  INFO EVENT_TRACE_LOGGER TenantId : -1234, Event Processor : R_H_Match, Event Stream : InputStream:1.0.0 (ins), before processing 
Event{timestamp=1462516104619, data=[236, phone, g1, sell, apple, iphone 5, type, Magnet Leather Pouch Protective Phone Hard Cover Case For Apple iPhone 5 5G 5S - Bid Now! … https://t.co/VJDZ3hJa9u https://t.co/h9gH8IwrA2], isExpired=false}
12:02:42,270 [-] [DataBridge-Core-pool-1-thread-6]  INFO EVENT_TRACE_LOGGER TenantId : -1234, Event Processor : R_H_Match, Event Stream : InputStream:1.0.0 (ins), before processing 
Event{timestamp=1462516362266, data=[244, phone, g1, sell, samsung, galaxy note, type, Cell Phone Shop : https://t.co/EfDB9xaAEB #629 Samsung Galaxy Note 2 II SGH-T889 - 16GB- (GSM Unlocked) Smartphone https://t.co/Q4vu2m5YXC], isExpired=false}
12:04:55,681 [-] [DataBridge-Core-pool-1-thread-7]  INFO EVENT_TRACE_LOGGER TenantId : -1234, Event Processor : R_H_Match, Event Stream : InputStream:1.0.0 (ins), before processing 
Event{timestamp=1462516495677, data=[265, phone, g1, buy, samsung, galaxy s7, type, I liked a @YouTube video  HTC 10 vs Samsung Galaxy S7: Flagship Phone Fight], isExpired=false}
12:05:03,809 [-] [DataBridge-Core-pool-1-thread-8]  INFO EVENT_TRACE_LOGGER TenantId : -1234, Event Processor : R_H_Match, Event Stream : InputStream:1.0.0 (ins), before processing 
Event{timestamp=1462516503807, data=[266, phone, g1, sell, apple, iphone 6, type, In love with Paris Cell Phone for Apple iPhone 6 Case / 6 Plus… https://t.co/B3F9TLdpnc #phonecases #smile #electronicscases #electronics], isExpired=false}
12:05:32,617 [-] [DataBridge-Core-pool-1-thread-9]  INFO EVENT_TRACE_LOGGER TenantId : -1234, Event Processor : R_H_Match, Event Stream : InputStream:1.0.0 (ins), before processing 
Event{timestamp=1462516532613, data=[268, phone, g1, sell, samsung, galaxy s6, type, #cellular #deals https://t.co/9UhCr2P83Y Samsung Galaxy S6 Edge+ Plus G928C 64GB 5.7" Phone Gold Brand New+Gift

$… https://t.co/XdbeWeZCbt], isExpired=false}
12:06:38,043 [-] [DataBridge-Core-pool-1-thread-10]  INFO EVENT_TRACE_LOGGER TenantId : -1234, Event Processor : R_H_Match, Event Stream : InputStream:1.0.0 (ins), before processing 
Event{timestamp=1462516598037, data=[270, phone, g1, buy, samsung, galaxy s7, type, Cell Phone Stores #819 :  For Samsung Galaxy S7 Edge MyJacket PU Leather Flip Wallet Card H…], isExpired=false}
12:07:06,591 [-] [DataBridge-Core-pool-1-thread-1]  INFO EVENT_TRACE_LOGGER TenantId : -1234, Event Processor : R_H_Match, Event Stream : InputStream:1.0.0 (ins), before processing 
Event{timestamp=1462516626588, data=[274, phone, g1, sell, samsung, galaxy s4, type, Deals #2400 : https://t.co/vf3nfcZcUn New Samsung Galaxy S4 Zoom C105A 16GB AT&amp;T Unlocked Cell / Camera Phone - Wh… https://t.co/BtxUUQuKrB], isExpired=false}
12:07:48,281 [-] [DataBridge-Core-pool-1-thread-2]  INFO EVENT_TRACE_LOGGER TenantId : -1234, Event Processor : R_H_Match, Event Stream : InputStream:1.0.0 (ins), before processing 
Event{timestamp=1462516668275, data=[275, phone, g1, buy, samsung, galaxy s6, type, SAMSUNG GALAXY S6 GSM Worldwide UNLOCKED 32GB G920A  PHONE WHITE GOLD BLUE  &lt;&lt;&lt;], isExpired=false}
12:09:16,575 [-] [DataBridge-Core-pool-1-thread-3]  INFO EVENT_TRACE_LOGGER TenantId : -1234, Event Processor : R_H_Match, Event Stream : InputStream:1.0.0 (ins), before processing 
Event{timestamp=1462516756571, data=[281, phone, g1, sell, samsung, galaxy s4, type, 10 x  Pink Touch Screen Pen Stylus For Phone Tablet Samsung Galaxy S4 S3 HTC  - Bid Now! O… https://t.co/dXx2Na9A0Q https://t.co/ryKLSegcWk], isExpired=false}
12:09:36,451 [-] [DataBridge-Core-pool-1-thread-4]  INFO EVENT_TRACE_LOGGER TenantId : -1234, Event Processor : R_H_Match, Event Stream : InputStream:1.0.0 (ins), before processing 
Event{timestamp=1462516776444, data=[282, phone, g1, sell, samsung, galaxy s4, type, 10 x  Pink Touch Screen Pen Stylus For Phone Tablet Samsung Galaxy S4 S3 HTC  - Bid Now! O… https://t.co/7DFdKz8bUw https://t.co/N5c27ZSdrc], isExpired=false}
12:10:28,416 [-] [DataBridge-Core-pool-1-thread-5]  INFO EVENT_TRACE_LOGGER TenantId : -1234, Event Processor : R_H_Match, Event Stream : InputStream:1.0.0 (ins), before processing 
Event{timestamp=1462516828410, data=[285, phone, g1, buy, samsung, galaxy s4, type, 10 x  Pink Touch Screen Pen Stylus For Phone Tablet Samsung Galaxy S4 S3 HTC  - Bid Now! O…], isExpired=false}
12:10:31,722 [-] [DataBridge-Core-pool-1-thread-6]  INFO EVENT_TRACE_LOGGER TenantId : -1234, Event Processor : R_H_Match, Event Stream : InputStream:1.0.0 (ins), before processing 
Event{timestamp=1462516831716, data=[286, phone, g1, sell, samsung, galaxy s4, type, 10 x  Pink Touch Screen Pen Stylus For Phone Tablet Samsung Galaxy S4 S3 HTC  - Bid Now! O… https://t.co/DKlGR7Vjeo https://t.co/GhqRBTWh9F], isExpired=false}
13:15:03,452 [-] [DataBridge-Core-pool-1-thread-7]  INFO EVENT_TRACE_LOGGER TenantId : -1234, Event Processor : R_H_Match, Event Stream : InputStream:1.0.0 (ins), before processing 
Event{timestamp=1462520703412, data=[209, phone, g1, sell, samsung, galaxy j1, type, Samsung Phone Case Deals for May

Samsung Galaxy J1 Synthesized Back Case -Africa Styled Available on Jumia... https://t.co/fPZI8yJPAQ], isExpired=false}
13:15:44,742 [-] [DataBridge-Core-pool-1-thread-8]  INFO EVENT_TRACE_LOGGER TenantId : -1234, Event Processor : R_H_Match, Event Stream : InputStream:1.0.0 (ins), before processing 
Event{timestamp=1462520744730, data=[212, phone, g1, sell, apple, iphone 5, type, Cell Phone USA : New Genuine LifeProof Nuud Series Waterproof Case for Apple iPhone 5 / 5s… https://t.co/FkG4NFJ3Wh https://t.co/YwRWStsNoH], isExpired=false}
13:15:47,916 [-] [DataBridge-Core-pool-1-thread-9]  INFO EVENT_TRACE_LOGGER TenantId : -1234, Event Processor : R_H_Match, Event Stream : InputStream:1.0.0 (ins), before processing 
Event{timestamp=1462520747913, data=[214, phone, g1, sell, samsung, galaxy s6, type, Cell Phone USA : For Samsung Galaxy S6 edge+ Plus Slim Shockproof Hybrid Rubber Hard Cover… https://t.co/exHPaMESiF https://t.co/l7FbfzBoxJ], isExpired=false}
13:15:48,829 [-] [DataBridge-Core-pool-1-thread-10]  INFO EVENT_TRACE_LOGGER TenantId : -1234, Event Processor : R_H_Match, Event Stream : InputStream:1.0.0 (ins), before processing 
Event{timestamp=1462520748826, data=[215, phone, g1, buy, apple, iphone 5s, type, Cell Phone USA : Apple iPhone 5s 16GB Factory Unlocked AT&amp;T T-Mobile - Space Gray Silver G…], isExpired=false}
13:15:54,656 [-] [DataBridge-Core-pool-1-thread-1]  INFO EVENT_TRACE_LOGGER TenantId : -1234, Event Processor : R_H_Match, Event Stream : InputStream:1.0.0 (ins), before processing 
Event{timestamp=1462520754653, data=[216, phone, g1, sell, samsung, galaxy note, type, Cell Phone USA : Ballistic Tough Jacket Hex Tec Cover Case for Samsung Galaxy Note 4 -Blac… https://t.co/YUZpX5andI https://t.co/DzPsJwREZp], isExpired=false}
13:17:28,350 [-] [DataBridge-Core-pool-1-thread-2]  INFO EVENT_TRACE_LOGGER TenantId : -1234, Event Processor : R_H_Match, Event Stream : InputStream:1.0.0 (ins), before processing 
Event{timestamp=1462520848345, data=[218, phone, g1, sell, apple, iphone 5, type, https://t.co/njOd6LTzMf #6587 Aegis Phone Case for Apple iPhone 5 (Bulk Case of 500) https://t.co/bNoTejofEB], isExpired=false}
13:19:32,371 [-] [DataBridge-Core-pool-1-thread-3]  INFO EVENT_TRACE_LOGGER TenantId : -1234, Event Processor : R_H_Match, Event Stream : InputStream:1.0.0 (ins), before processing 
Event{timestamp=1462520972369, data=[228, phone, g1, sell, apple, iphone 6s, type, New Apple iPhone 6s 64GB Unlocked GSM LTE 12MP Phone w/ Force Touch - All Colors - https://t.co/V3TH3OD3bU], isExpired=false}
13:20:59,476 [-] [DataBridge-Core-pool-1-thread-4]  INFO EVENT_TRACE_LOGGER TenantId : -1234, Event Processor : R_H_Match, Event Stream : InputStream:1.0.0 (ins), before processing 
Event{timestamp=1462521059472, data=[231, phone, g1, sell, samsung, galaxy j3, type, For Samsung Galaxy J3 J5 J7 Shockproof Slim Hybrid Brushed Case Skin Phone Cover https://t.co/k2FQtJgp2e], isExpired=false}
13:21:08,459 [-] [DataBridge-Core-pool-1-thread-5]  INFO EVENT_TRACE_LOGGER TenantId : -1234, Event Processor : R_H_Match, Event Stream : InputStream:1.0.0 (ins), before processing 
Event{timestamp=1462521068457, data=[232, phone, g1, buy, samsung, galaxy s6, type, Need a new phone? We've got you covered. Samsung Galaxy S6 32GB for only £329.99!!! Come check out our other tech deals in store.], isExpired=false}
13:58:37,969 [-] [DataBridge-Core-pool-1-thread-6]  INFO EVENT_TRACE_LOGGER TenantId : -1234, Event Processor : R_H_Match, Event Stream : InputStream:1.0.0 (ins), before processing 
Event{timestamp=1462523317915, data=[203, phone, g1, sell, apple, iphone 4, type, https://t.co/cj3PI8zYAm #4775 Apple iPhone 4 in perfect condition + black I phone with cracked back but works https://t.co/6GWXxVPQj5], isExpired=false}
13:59:31,359 [-] [DataBridge-Core-pool-1-thread-7]  INFO EVENT_TRACE_LOGGER TenantId : -1234, Event Processor : R_H_Match, Event Stream : InputStream:1.0.0 (ins), before processing 
Event{timestamp=1462523371323, data=[205, phone, g1, buy, samsung, galaxy s4, type, 10pcs Touch Screen Pen Stylus For Phone Tablet Samsung Galaxy S4 S3 HTC #8 - Bid Now! Only…], isExpired=false}
14:02:39,777 [-] [DataBridge-Core-pool-1-thread-8]  INFO EVENT_TRACE_LOGGER TenantId : -1234, Event Processor : R_H_Match, Event Stream : InputStream:1.0.0 (ins), before processing 
Event{timestamp=1462523559773, data=[223, phone, g1, sell, apple, iphone 6, type, Cell Phone Shop : https://t.co/Yhu22FKAMb #629 Apple iPhone 6 64GB No Contract Smartphone a1549 T-Mobile https://t.co/W0BHWcrb81], isExpired=false}
14:02:42,880 [-] [DataBridge-Core-pool-1-thread-9]  INFO EVENT_TRACE_LOGGER TenantId : -1234, Event Processor : R_H_Match, Event Stream : InputStream:1.0.0 (ins), before processing 
Event{timestamp=1462523562872, data=[225, phone, g1, buy, apple, iphone 6, type, Cell Phone Shop :  #629 Apple iPhone 6 128GB Verizon Wireless 4G LTE 8MP Camera iOS Smartph…], isExpired=false}
14:02:44,132 [-] [DataBridge-Core-pool-1-thread-10]  INFO EVENT_TRACE_LOGGER TenantId : -1234, Event Processor : R_H_Match, Event Stream : InputStream:1.0.0 (ins), before processing 
Event{timestamp=1462523564130, data=[227, phone, g1, sell, apple, iphone 5c, type, Cell Phone Shop : https://t.co/knjCd9n1vV #629 Apple iPhone 5c - 32GB (Unlocked) Smartphone - White Blue Green Pin… https://t.co/RtZBcLELiz], isExpired=false}
14:08:35,242 [-] [DataBridge-Core-pool-1-thread-1]  INFO EVENT_TRACE_LOGGER TenantId : -1234, Event Processor : R_H_Match, Event Stream : InputStream:1.0.0 (ins), before processing 
Event{timestamp=1462523915164, data=[201, phone, g1, sell, apple, iphone 5c, type, #nowplaying #iphone NEW(OTHER) YELLOW VERIZON 16GB APPLE IPHONE 5C 5 C TOUCHSCREEN PHONE N... https://t.co/R95OhFnz4c #gameinsight #news], isExpired=false}
14:13:32,124 [-] [DataBridge-Core-pool-1-thread-2]  INFO EVENT_TRACE_LOGGER TenantId : -1234, Event Processor : R_H_Match, Event Stream : InputStream:1.0.0 (ins), before processing 
Event{timestamp=1462524212120, data=[357, phone, g1, sell, apple, iphone 6s, type, #iPhone 6S #bug lets you use #Siri to bypass phone lock https://t.co/AQ3n7qkP2p #apple #ios], isExpired=false}
14:13:40,138 [-] [DataBridge-Core-pool-1-thread-3]  INFO EVENT_TRACE_LOGGER TenantId : -1234, Event Processor : R_H_Match, Event Stream : InputStream:1.0.0 (ins), before processing 
Event{timestamp=1462524220136, data=[358, phone, g1, sell, samsung, galaxy s7, type, Rugged Samsung Galaxy S7 Active for AT&amp;T photos leak out of Vietnam - Phone Arena https://t.co/9N2ijDXSPa], isExpired=false}
14:14:11,991 [-] [DataBridge-Core-pool-1-thread-4]  INFO EVENT_TRACE_LOGGER TenantId : -1234, Event Processor : R_H_Match, Event Stream : InputStream:1.0.0 (ins), before processing 
Event{timestamp=1462524251988, data=[361, phone, g1, sell, samsung, galaxy note, type, UNLOCKED Samsung Galaxy Note 4 IV N910T T-mobile 32GB BLACK Global GSM LTE Phone - Bid Now… https://t.co/hPkOmy4Y2I https://t.co/kx4axhnddq], isExpired=false}
14:14:27,318 [-] [DataBridge-Core-pool-1-thread-5]  INFO EVENT_TRACE_LOGGER TenantId : -1234, Event Processor : R_H_Match, Event Stream : InputStream:1.0.0 (ins), before processing 
Event{timestamp=1462524267314, data=[364, phone, g1, sell, samsung, galaxy note, type, UNLOCKED Samsung Galaxy Note 4 IV N910T T-mobile 32GB BLACK Global GSM LTE Phone - Bid Now… https://t.co/1bvWabc1k5 https://t.co/HW5tYceT9o], isExpired=false}
14:14:33,061 [-] [DataBridge-Core-pool-1-thread-6]  INFO EVENT_TRACE_LOGGER TenantId : -1234, Event Processor : R_H_Match, Event Stream : InputStream:1.0.0 (ins), before processing 
Event{timestamp=1462524273059, data=[365, phone, g1, buy, samsung, galaxy note, type, UNLOCKED Samsung Galaxy Note 4 IV N910T T-mobile 32GB BLACK Global GSM LTE Phone - Bid Now…], isExpired=false}
14:14:42,263 [-] [DataBridge-Core-pool-1-thread-7]  INFO EVENT_TRACE_LOGGER TenantId : -1234, Event Processor : R_H_Match, Event Stream : InputStream:1.0.0 (ins), before processing 
Event{timestamp=1462524282257, data=[366, phone, g1, sell, samsung, galaxy note, type, UNLOCKED Samsung Galaxy Note 4 IV N910T T-mobile 32GB BLACK Global GSM LTE Phone - Bid Now… https://t.co/r3oZaAmdv6 https://t.co/lf6QesAaVA], isExpired=false}
14:14:54,965 [-] [DataBridge-Core-pool-1-thread-8]  INFO EVENT_TRACE_LOGGER TenantId : -1234, Event Processor : R_H_Match, Event Stream : InputStream:1.0.0 (ins), before processing 
Event{timestamp=1462524294962, data=[367, phone, g1, sell, samsung, galaxy note, type, UNLOCKED Samsung Galaxy Note 4 IV N910T T-mobile 32GB BLACK Global GSM LTE Phone - Bid Now… https://t.co/XSpxrx7MDm https://t.co/62chIt8bGW], isExpired=false}
14:15:22,518 [-] [DataBridge-Core-pool-1-thread-9]  INFO EVENT_TRACE_LOGGER TenantId : -1234, Event Processor : R_H_Match, Event Stream : InputStream:1.0.0 (ins), before processing 
Event{timestamp=1462524322515, data=[368, phone, g1, sell, samsung, galaxy s7, type, Globetrotting With The Coolest Phone On The Planet -- Samsung Galaxy S7 Edge - Forbes https://t.co/HcoVxjhvas #GalaxyS6 #GalaxyS6Edge #Gal…], isExpired=false}
14:15:24,505 [-] [DataBridge-Core-pool-1-thread-10]  INFO EVENT_TRACE_LOGGER TenantId : -1234, Event Processor : R_H_Match, Event Stream : InputStream:1.0.0 (ins), before processing 
Event{timestamp=1462524324486, data=[369, phone, g1, sell, samsung, galaxy s7, type, Rugged Samsung Galaxy S7 Active for AT&amp;T photos leak out of Vietnam - Phone Arena https://t.co/AxCDrR5ZyU #GalaxyS6 #GalaxyS6Edge #GalaxyS…], isExpired=false}
14:15:25,132 [-] [DataBridge-Core-pool-1-thread-1]  INFO EVENT_TRACE_LOGGER TenantId : -1234, Event Processor : R_H_Match, Event Stream : InputStream:1.0.0 (ins), before processing 
Event{timestamp=1462524325127, data=[370, phone, g1, buy, samsung, galaxy note, type, UNLOCKED Samsung Galaxy Note 4 IV N910T T-mobile 32GB BLACK Global GSM LTE Phone - Bid Now…], isExpired=false}
14:15:31,655 [-] [DataBridge-Core-pool-1-thread-2]  INFO EVENT_TRACE_LOGGER TenantId : -1234, Event Processor : R_H_Match, Event Stream : InputStream:1.0.0 (ins), before processing 
Event{timestamp=1462524331653, data=[371, phone, g1, sell, samsung, galaxy s7, type, Globetrotting With The Coolest Phone On The Planet -- Samsung Galaxy S7 Edge - Forbes https://t.co/n3BU9YprTP #GalaxyS6 #GalaxyS6Edge #Gal…], isExpired=false}
14:15:34,765 [-] [DataBridge-Core-pool-1-thread-3]  INFO EVENT_TRACE_LOGGER TenantId : -1234, Event Processor : R_H_Match, Event Stream : InputStream:1.0.0 (ins), before processing 
Event{timestamp=1462524334750, data=[372, phone, g1, sell, samsung, galaxy note, type, UNLOCKED Samsung Galaxy Note 4 IV N910T T-mobile 32GB BLACK Global GSM LTE Phone - Bid Now… https://t.co/rZodcOoZ6I https://t.co/ndWhq7IA76], isExpired=false}
14:15:35,832 [-] [DataBridge-Core-pool-1-thread-4]  INFO EVENT_TRACE_LOGGER TenantId : -1234, Event Processor : R_H_Match, Event Stream : InputStream:1.0.0 (ins), before processing 
Event{timestamp=1462524335829, data=[373, phone, g1, sell, samsung, galaxy s7, type, Rugged Samsung Galaxy S7 Active for AT&amp;T photos leak out of Vietnam - Phone Arena https://t.co/H5K5o36P1o #GalaxyS6 #GalaxyS6Edge #GalaxyS…], isExpired=false}
14:15:37,741 [-] [DataBridge-Core-pool-1-thread-5]  INFO EVENT_TRACE_LOGGER TenantId : -1234, Event Processor : R_H_Match, Event Stream : InputStream:1.0.0 (ins), before processing 
Event{timestamp=1462524337735, data=[374, phone, g1, sell, samsung, galaxy note, type, UNLOCKED Samsung Galaxy Note 4 IV N910T T-mobile 32GB BLACK Global GSM LTE Phone - Bid Now… https://t.co/WM5L2oVlCI https://t.co/fBt5kwNc0W], isExpired=false}
14:15:49,058 [-] [DataBridge-Core-pool-1-thread-6]  INFO EVENT_TRACE_LOGGER TenantId : -1234, Event Processor : R_H_Match, Event Stream : InputStream:1.0.0 (ins), before processing 
Event{timestamp=1462524349056, data=[375, phone, g1, buy, apple, iphone 6 plus, type, Cell Phone USA : Apple iPhone 6 Plus 128GB "Factory Unlocked" 4G LTE WiFi A Stock Smartpho…], isExpired=false}
14:15:51,115 [-] [DataBridge-Core-pool-1-thread-7]  INFO EVENT_TRACE_LOGGER TenantId : -1234, Event Processor : R_H_Match, Event Stream : InputStream:1.0.0 (ins), before processing 
Event{timestamp=1462524351114, data=[376, phone, g1, sell, apple, iphone 6s plus, type, Cell Phone USA : Apple iPhone 6s Plus a1634 64GB Smartphone for AT&amp;T Gold Silver Rose Gray… https://t.co/xHKj1abtnD https://t.co/o1wf5YlZVD], isExpired=false}
14:15:53,272 [-] [DataBridge-Core-pool-1-thread-8]  INFO EVENT_TRACE_LOGGER TenantId : -1234, Event Processor : R_H_Match, Event Stream : InputStream:1.0.0 (ins), before processing 
Event{timestamp=1462524353271, data=[377, phone, g1, sell, samsung, galaxy s6, type, Cell Phone USA : Samsung Galaxy S6 SM-G920F 32GB Unlocked 16MP Smartphone  #4422 https://t.co/ZFrqIHz3MP https://t.co/JSfnci7RIf], isExpired=false}
14:16:13,910 [-] [DataBridge-Core-pool-1-thread-9]  INFO EVENT_TRACE_LOGGER TenantId : -1234, Event Processor : R_H_Match, Event Stream : InputStream:1.0.0 (ins), before processing 
Event{timestamp=1462524373906, data=[379, phone, g1, sell, samsung, galaxy note, type, UNLOCKED Samsung Galaxy Note 4 IV N910T T-mobile 32GB BLACK Global GSM LTE Phone - Bid Now… https://t.co/uxYe5uXzEX https://t.co/Zc7EXh5tfk], isExpired=false}
14:16:18,216 [-] [DataBridge-Core-pool-1-thread-10]  INFO EVENT_TRACE_LOGGER TenantId : -1234, Event Processor : R_H_Match, Event Stream : InputStream:1.0.0 (ins), before processing 
Event{timestamp=1462524378208, data=[380, phone, g1, buy, samsung, galaxy note, type, UNLOCKED Samsung Galaxy Note 4 IV N910T T-mobile 32GB BLACK Global GSM LTE Phone - Bid Now…], isExpired=false}
14:16:27,081 [-] [DataBridge-Core-pool-1-thread-1]  INFO EVENT_TRACE_LOGGER TenantId : -1234, Event Processor : R_H_Match, Event Stream : InputStream:1.0.0 (ins), before processing 
Event{timestamp=1462524387078, data=[381, phone, g1, sell, samsung, galaxy note, type, UNLOCKED Samsung Galaxy Note 4 IV N910T T-mobile 32GB BLACK Global GSM LTE Phone - Bid Now… https://t.co/59M9sgAYnw https://t.co/gtT2cVS87H], isExpired=false}
14:16:29,508 [-] [DataBridge-Core-pool-1-thread-2]  INFO EVENT_TRACE_LOGGER TenantId : -1234, Event Processor : R_H_Match, Event Stream : InputStream:1.0.0 (ins), before processing 
Event{timestamp=1462524389507, data=[382, phone, g1, sell, samsung, galaxy note, type, UNLOCKED Samsung Galaxy Note 4 IV N910T T-mobile 32GB BLACK Global GSM LTE Phone - Bid Now… https://t.co/nZ9fmgoM7n https://t.co/Q51UQadUdU], isExpired=false}
14:16:31,317 [-] [DataBridge-Core-pool-1-thread-3]  INFO EVENT_TRACE_LOGGER TenantId : -1234, Event Processor : R_H_Match, Event Stream : InputStream:1.0.0 (ins), before processing 
Event{timestamp=1462524391314, data=[383, phone, g1, sell, samsung, galaxy note, type, UNLOCKED Samsung Galaxy Note 4 IV N910T T-mobile 32GB BLACK Global GSM LTE Phone - Bid Now… https://t.co/bNrihVHZjl https://t.co/3JrLF2FFF9], isExpired=false}
14:16:36,347 [-] [DataBridge-Core-pool-1-thread-4]  INFO EVENT_TRACE_LOGGER TenantId : -1234, Event Processor : R_H_Match, Event Stream : InputStream:1.0.0 (ins), before processing 
Event{timestamp=1462524396345, data=[384, phone, g1, sell, samsung, galaxy note, type, UNLOCKED Samsung Galaxy Note 4 IV N910T T-mobile 32GB BLACK Global GSM LTE Phone - Bid Now… https://t.co/59M9sgAYnw https://t.co/KRcD49oFyz], isExpired=false}
14:16:40,590 [-] [DataBridge-Core-pool-1-thread-5]  INFO EVENT_TRACE_LOGGER TenantId : -1234, Event Processor : R_H_Match, Event Stream : InputStream:1.0.0 (ins), before processing 
Event{timestamp=1462524400588, data=[385, phone, g1, buy, samsung, galaxy note, type, UNLOCKED Samsung Galaxy Note 4 IV N910T T-mobile 32GB BLACK Global GSM LTE Phone - Bid Now…], isExpired=false}
14:16:49,316 [-] [DataBridge-Core-pool-1-thread-6]  INFO EVENT_TRACE_LOGGER TenantId : -1234, Event Processor : R_H_Match, Event Stream : InputStream:1.0.0 (ins), before processing 
Event{timestamp=1462524409313, data=[386, phone, g1, sell, samsung, galaxy note, type, UNLOCKED Samsung Galaxy Note 4 IV N910T T-mobile 32GB BLACK Global GSM LTE Phone - Bid Now… https://t.co/x5b9Ud4toZ https://t.co/o1KRAZGmwY], isExpired=false}
14:16:51,976 [-] [DataBridge-Core-pool-1-thread-7]  INFO EVENT_TRACE_LOGGER TenantId : -1234, Event Processor : R_H_Match, Event Stream : InputStream:1.0.0 (ins), before processing 
Event{timestamp=1462524411963, data=[387, phone, g1, sell, apple, iphone 6 plus, type, Apple iPhone 6 Plus - 128GB - Silver Smart Phone (See description) - Bid Now! Only $238.5 https://t.co/xIXJw6Ienl https://t.co/4mHLu0iGcp], isExpired=false}
14:17:04,238 [-] [DataBridge-Core-pool-1-thread-8]  INFO EVENT_TRACE_LOGGER TenantId : -1234, Event Processor : R_H_Match, Event Stream : InputStream:1.0.0 (ins), before processing 
Event{timestamp=1462524424234, data=[388, phone, g1, sell, samsung, galaxy note, type, UNLOCKED Samsung Galaxy Note 4 IV N910T T-mobile 32GB BLACK Global GSM LTE Phone - Bid Now… https://t.co/LeJeVxZvHR https://t.co/QyHpNVofaM], isExpired=false}
14:17:05,572 [-] [DataBridge-Core-pool-1-thread-9]  INFO EVENT_TRACE_LOGGER TenantId : -1234, Event Processor : R_H_Match, Event Stream : InputStream:1.0.0 (ins), before processing 
Event{timestamp=1462524425570, data=[389, phone, g1, sell, apple, iphone 6, type, Love for Coffee Cell Phone for Apple iPhone 6 Case / 6 Plus $16.99 https://t.co/qnMXVEz9F1 #sf #phonecases #electronicscases #new], isExpired=false}
14:17:11,875 [-] [DataBridge-Core-pool-1-thread-10]  INFO EVENT_TRACE_LOGGER TenantId : -1234, Event Processor : R_H_Match, Event Stream : InputStream:1.0.0 (ins), before processing 
Event{timestamp=1462524431873, data=[390, phone, g1, buy, samsung, galaxy note, type, UNLOCKED Samsung Galaxy Note 4 IV N910T T-mobile 32GB BLACK Global GSM LTE Phone - Bid Now…], isExpired=false}
14:17:12,631 [-] [DataBridge-Core-pool-1-thread-1]  INFO EVENT_TRACE_LOGGER TenantId : -1234, Event Processor : R_H_Match, Event Stream : InputStream:1.0.0 (ins), before processing 
Event{timestamp=1462524432613, data=[391, phone, g1, sell, samsung, galaxy note, type, UNLOCKED Samsung Galaxy Note 4 IV N910T T-mobile 32GB BLACK Global GSM LTE Phone - Bid Now… https://t.co/AcU9yHSnMd https://t.co/SmbzqX3JLu], isExpired=false}
14:17:13,065 [-] [DataBridge-Core-pool-1-thread-2]  INFO EVENT_TRACE_LOGGER TenantId : -1234, Event Processor : R_H_Match, Event Stream : InputStream:1.0.0 (ins), before processing 
Event{timestamp=1462524433061, data=[392, phone, g1, sell, samsung, galaxy note, type, UNLOCKED Samsung Galaxy Note 4 IV N910T T-mobile 32GB BLACK Global GSM LTE Phone - Bid Now… https://t.co/43lmBHrzGa https://t.co/3b2R8HineZ], isExpired=false}
14:17:16,169 [-] [DataBridge-Core-pool-1-thread-3]  INFO EVENT_TRACE_LOGGER TenantId : -1234, Event Processor : R_H_Match, Event Stream : InputStream:1.0.0 (ins), before processing 
Event{timestamp=1462524436161, data=[393, phone, g1, sell, apple, iphone 6 plus, type, Apple iPhone 6 Plus - 128GB - Silver Smart Phone (See description) - Bid Now! Only $238.5 https://t.co/P6JTB5SCjJ https://t.co/2zfx1lPGGn], isExpired=false}
14:17:19,715 [-] [DataBridge-Core-pool-1-thread-4]  INFO EVENT_TRACE_LOGGER TenantId : -1234, Event Processor : R_H_Match, Event Stream : InputStream:1.0.0 (ins), before processing 
Event{timestamp=1462524439713, data=[394, phone, g1, sell, apple, iphone 6 plus, type, Apple iPhone 6 Plus - 128GB - Silver Smart Phone (See description) - Bid Now! Only $238.5 https://t.co/LhKyUVb7aB https://t.co/ohi72JkVXh], isExpired=false}
14:17:20,383 [-] [DataBridge-Core-pool-1-thread-5]  INFO EVENT_TRACE_LOGGER TenantId : -1234, Event Processor : R_H_Match, Event Stream : InputStream:1.0.0 (ins), before processing 
Event{timestamp=1462524440381, data=[395, phone, g1, buy, apple, iphone 6 plus, type, Apple iPhone 6 Plus - 128GB - Silver Smart Phone (See description) - Bid Now! Only $238.5], isExpired=false}
14:17:21,116 [-] [DataBridge-Core-pool-1-thread-6]  INFO EVENT_TRACE_LOGGER TenantId : -1234, Event Processor : R_H_Match, Event Stream : InputStream:1.0.0 (ins), before processing 
Event{timestamp=1462524441102, data=[396, phone, g1, sell, apple, iphone 5, type, For Apple iPhone 5/5S DarkBlue Pastel Slim Matte Soft Silicone Phone Case Cover - Bid Now!… https://t.co/WrbsFNapjc https://t.co/YsLpXulVX1], isExpired=false}
14:17:22,894 [-] [DataBridge-Core-pool-1-thread-7]  INFO EVENT_TRACE_LOGGER TenantId : -1234, Event Processor : R_H_Match, Event Stream : InputStream:1.0.0 (ins), before processing 
Event{timestamp=1462524442891, data=[397, phone, g1, sell, apple, iphone 6 plus, type, Apple iPhone 6 Plus - 128GB - Silver Smart Phone (See description) - Bid Now! Only $238.5 https://t.co/P6JTB5SCjJ https://t.co/7UvpENtGhs], isExpired=false}
14:17:26,136 [-] [DataBridge-Core-pool-1-thread-8]  INFO EVENT_TRACE_LOGGER TenantId : -1234, Event Processor : R_H_Match, Event Stream : InputStream:1.0.0 (ins), before processing 
Event{timestamp=1462524446134, data=[398, phone, g1, sell, samsung, galaxy note, type, UNLOCKED Samsung Galaxy Note 4 IV N910T T-mobile 32GB BLACK Global GSM LTE Phone - Bid Now… https://t.co/mjgnw34pf4 https://t.co/AhbOWrPuB8], isExpired=false}
14:17:26,562 [-] [DataBridge-Core-pool-1-thread-9]  INFO EVENT_TRACE_LOGGER TenantId : -1234, Event Processor : R_H_Match, Event Stream : InputStream:1.0.0 (ins), before processing 
Event{timestamp=1462524446561, data=[399, phone, g1, sell, samsung, galaxy note, type, UNLOCKED Samsung Galaxy Note 4 IV N910T T-mobile 32GB BLACK Global GSM LTE Phone - Bid Now… https://t.co/0gB9sBexsm https://t.co/tgWRxJH8Sg], isExpired=false}
14:17:31,344 [-] [DataBridge-Core-pool-1-thread-10]  INFO EVENT_TRACE_LOGGER TenantId : -1234, Event Processor : R_H_Match, Event Stream : InputStream:1.0.0 (ins), before processing 
Event{timestamp=1462524451341, data=[400, phone, g1, buy, apple, iphone 5, type, For Apple iPhone 5/5S DarkBlue Pastel Slim Matte Soft Silicone Phone Case Cover - Bid Now!…], isExpired=false}
14:17:38,279 [-] [DataBridge-Core-pool-1-thread-1]  INFO EVENT_TRACE_LOGGER TenantId : -1234, Event Processor : R_H_Match, Event Stream : InputStream:1.0.0 (ins), before processing 
Event{timestamp=1462524458277, data=[401, phone, g1, sell, apple, iphone 6 plus, type, Apple iPhone 6 Plus - 128GB - Silver Smart Phone (See description) - Bid Now! Only $238.5 https://t.co/8ByAwLtymm https://t.co/lMpXefSl4j], isExpired=false}
14:17:39,798 [-] [DataBridge-Core-pool-1-thread-2]  INFO EVENT_TRACE_LOGGER TenantId : -1234, Event Processor : R_H_Match, Event Stream : InputStream:1.0.0 (ins), before processing 
Event{timestamp=1462524459796, data=[403, phone, g1, sell, apple, iphone 6 plus, type, Apple iPhone 6 Plus - 128GB - Silver Smart Phone (See description) - Bid Now! Only $238.5 https://t.co/AbcrBkPhJC https://t.co/jPzewfd4Bj], isExpired=false}
14:17:52,488 [-] [DataBridge-Core-pool-1-thread-3]  INFO EVENT_TRACE_LOGGER TenantId : -1234, Event Processor : R_H_Match, Event Stream : InputStream:1.0.0 (ins), before processing 
Event{timestamp=1462524472486, data=[404, phone, g1, sell, apple, iphone 6 plus, type, Apple iPhone 6 Plus - 128GB - Silver Smart Phone (See description) - Bid Now! Only $238.5 https://t.co/8ByAwLtymm https://t.co/AXbo7hXPa3], isExpired=false}
